<?xml version="1.0" encoding="UTF-8" ?>
<testsuite failures="0" time="0.015" errors="0" skipped="0" tests="1" name="org.esa.beam.globalbedo.sdr.operators.MultiTileOperatorTest">
  <properties>
    <property name="java.vendor" value="Sun Microsystems Inc."/>
    <property name="localRepository" value="p:\.m2\repository"/>
    <property name="env.VS90COMNTOOLS" value="C:\Programme\Microsoft Visual Studio 9.0\Common7\Tools\"/>
    <property name="sun.java.launcher" value="SUN_STANDARD"/>
    <property name="env.TVT" value="C:\Programme\Lenovo"/>
    <property name="sun.management.compiler" value="HotSpot Client Compiler"/>
    <property name="env.PROMPT" value="$P$G"/>
    <property name="os.name" value="Windows XP"/>
    <property name="env.FP_NO_HOST_CHECK" value="NO"/>
    <property name="sun.boot.class.path" value="C:\Programme\Java\jdk1.6.0_18\jre\lib\resources.jar;C:\Programme\Java\jdk1.6.0_18\jre\lib\rt.jar;C:\Programme\Java\jdk1.6.0_18\jre\lib\sunrsasign.jar;C:\Programme\Java\jdk1.6.0_18\jre\lib\jsse.jar;C:\Programme\Java\jdk1.6.0_18\jre\lib\jce.jar;C:\Programme\Java\jdk1.6.0_18\jre\lib\charsets.jar;C:\Programme\Java\jdk1.6.0_18\jre\classes"/>
    <property name="env.COMPUTERNAME" value="TRENK"/>
    <property name="env.ALLUSERSPROFILE" value="C:\Dokumente und Einstellungen\All Users"/>
    <property name="sun.desktop" value="windows"/>
    <property name="java.vm.specification.vendor" value="Sun Microsystems Inc."/>
    <property name="java.runtime.version" value="1.6.0_18-b07"/>
    <property name="env.HOMEPATH" value="\Dokumente und Einstellungen\akheckel"/>
    <property name="user.name" value="akheckel"/>
    <property name="env.SWSHARE" value="C:\SWSHARE"/>
    <property name="env.QTJAVA" value="C:\Programme\Java\jre6\lib\ext\QTJava.zip"/>
    <property name="user.language" value="de"/>
    <property name="sun.boot.library.path" value="C:\Programme\Java\jdk1.6.0_18\jre\bin"/>
    <property name="classworlds.conf" value="c:\Programme\apache-maven-2.0.9\bin\m2.conf"/>
    <property name="java.version" value="1.6.0_18"/>
    <property name="env.PROCESSOR_IDENTIFIER" value="x86 Family 6 Model 15 Stepping 11, GenuineIntel"/>
    <property name="user.timezone" value="Europe/London"/>
    <property name="env.TSMPATH" value="C:\Programme\ThinkPad\UltraNav Utility"/>
    <property name="env.LAPACK" value="C:\Programme\LAPACK311"/>
    <property name="env.TEMP" value="C:\TEMP"/>
    <property name="sun.arch.data.model" value="32"/>
    <property name="java.endorsed.dirs" value="C:\Programme\Java\jdk1.6.0_18\jre\lib\endorsed"/>
    <property name="sun.cpu.isalist" value="pentium_pro+mmx pentium_pro pentium+mmx pentium i486 i386 i86"/>
    <property name="env.HOMEDRIVE" value="C:"/>
    <property name="sun.jnu.encoding" value="Cp1252"/>
    <property name="file.encoding.pkg" value="sun.io"/>
    <property name="file.separator" value="\"/>
    <property name="java.specification.name" value="Java Platform API Specification"/>
    <property name="java.class.version" value="50.0"/>
    <property name="user.country" value="DE"/>
    <property name="java.home" value="C:\Programme\Java\jdk1.6.0_18\jre"/>
    <property name="env.APPDATA" value="C:\Dokumente und Einstellungen\akheckel\Anwendungsdaten"/>
    <property name="java.vm.info" value="mixed mode, sharing"/>
    <property name="env.ComSpec" value="C:\WINDOWS\system32\cmd.exe"/>
    <property name="env.OS" value="Windows_NT"/>
    <property name="env.CommonProgramFiles" value="C:\Programme\Gemeinsame Dateien"/>
    <property name="os.version" value="5.1"/>
    <property name="path.separator" value=";"/>
    <property name="java.vm.version" value="16.0-b13"/>
    <property name="env.TVTCOMMON" value="C:\Programme\Gemeinsame Dateien\Lenovo"/>
    <property name="env.USERPROFILE" value="C:\Dokumente und Einstellungen\akheckel"/>
    <property name="user.variant" value=""/>
    <property name="env.JAVA_HOME" value="C:\Programme\Java\jdk1.6.0_18"/>
    <property name="java.awt.printerjob" value="sun.awt.windows.WPrinterJob"/>
    <property name="env.TMP" value="c:\TMP"/>
    <property name="sun.io.unicode.encoding" value="UnicodeLittle"/>
    <property name="awt.toolkit" value="sun.awt.windows.WToolkit"/>
    <property name="env.BLAS" value="C:\Programme\LAPACK311"/>
    <property name="user.home" value="C:\Dokumente und Einstellungen\akheckel"/>
    <property name="env.NB_EXEC_MAVEN_PROCESS_UUID" value="96a03af8-2ea6-4b30-923d-59b1ef7d9d30"/>
    <property name="env.LIBRARY_PATH" value="C:\Programme\g95\lib;C:\Programme\g95\lib\gcc-lib\i686-pc-mingw32\4.0.3"/>
    <property name="env.SESSIONNAME" value="Console"/>
    <property name="java.specification.vendor" value="Sun Microsystems Inc."/>
    <property name="env.CLASSPATH" value=".;c:\PROGRA~1\java\JMF211e\lib\sound.jar;c:\PROGRA~1\java\JMF211e\lib\jmf.jar;c:\PROGRA~1\java\JMF211e\lib;C:\Programme\Java\jre1.6.0_14\lib\ext\QTJava.zip;C:\Programme\Java\jre6\lib\ext\QTJava.zip;c:\Programme\Java\jhdf\lib"/>
    <property name="env.M2_HOME" value="c:\Programme\apache-maven-2.0.9"/>
    <property name="env.NUMBER_OF_PROCESSORS" value="2"/>
    <property name="java.library.path" value="C:\Programme\Java\jdk1.6.0_18\bin;.;C:\WINDOWS\Sun\Java\bin;C:\WINDOWS\system32;C:\WINDOWS;c:\cygwin\bin;c:\cygwin\usr\local\bin;e:\doas\exe;e:\doas\bat;c:\Programme\ImageMagick\;C:\PROGRA~1\Borland\Delphi5\Projects\Bpl;C:\PROGRA~1\Borland\Delphi5\Bin;c:\programme\imagemagick;C:\WINDOWS\system32;C:\WINDOWS;C:\WINDOWS\System32\Wbem;C:\Programme\ThinkPad\ConnectUtilities;C:\Programme\Gemeinsame Dateien\Lenovo;C:\Programme\UltraEdit-32;c:\Programme\Ghost\gs\gs8.54\bin;C:\Programme\MATLAB\R2007b\bin;C:\Programme\MATLAB\R2007b\bin\win32;C:\Programme\MATLAB\R2007b\toolbox\mexnc\;C:\Programme\MATLAB\R2007b\toolbox\mexnc\win32\;C:\Programme\GMT\bin;C:\Programme\Haufe\iDesk\iDeskService\;C:\Programme\Microsoft Network Monitor 3\;c:\Programme\Java\jdk1.6.0_18\bin;c:\Programme\apache-maven-2.0.9\bin;C:\Programme\Support Tools\;C:\Programme\beam\bin;C:\Programme\Samsung\Samsung PC Studio 3\;C:\WINDOWS\system32\WindowsPowerShell\v1.0;C:\Programme\QuickTime\QTSystem\;C:\Programme\Intel\DMIX;C:\Programme\Intel\WiFi\bin\;C:\Programme\pstoedit;C:\Programme\MiKTeX2p7\miktex\bin;c:\Programme\Java\jhdf\bin"/>
    <property name="java.vendor.url" value="http://java.sun.com/"/>
    <property name="env.USERDNSDOMAIN" value="DOAS.IUP.PHYSIK.UNI-BREMEN.DE"/>
    <property name="env.MAVEN_CMD_LINE_ARGS" value="-Dnetbeans.execution=true clean install"/>
    <property name="java.vm.vendor" value="Sun Microsystems Inc."/>
    <property name="maven.home" value="c:\Programme\apache-maven-2.0.9"/>
    <property name="java.runtime.name" value="Java(TM) SE Runtime Environment"/>
    <property name="java.class.path" value="c:\Programme\apache-maven-2.0.9\boot\classworlds-1.1.jar"/>
    <property name="env.BEAM4_HOME" value="C:\Programme\beam"/>
    <property name="env.MAVEN_JAVA_EXE" value="&quot;C:\Programme\Java\jdk1.6.0_18\bin\java.exe&quot;"/>
    <property name="java.vm.specification.name" value="Java Virtual Machine Specification"/>
    <property name="env.windir" value="C:\WINDOWS"/>
    <property name="env.LOGONSERVER" value="\\CROSS"/>
    <property name="java.vm.specification.version" value="1.0"/>
    <property name="env.PROCESSOR_ARCHITECTURE" value="x86"/>
    <property name="sun.os.patch.level" value="Service Pack 3"/>
    <property name="sun.cpu.endian" value="little"/>
    <property name="env.HOME" value="C:\Dokumente und Einstellungen\akheckel"/>
    <property name="env.ProgramFiles" value="C:\Programme"/>
    <property name="surefire.test.class.path" value="P:\JAVA\globalbedo1\target\test-classes;P:\JAVA\globalbedo1\target\classes;p:\.m2\repository\junit\junit\3.8.1\junit-3.8.1.jar;p:\.m2\repository\com\bc\ceres\ceres-core\0.11-SNAPSHOT\ceres-core-0.11-SNAPSHOT.jar;p:\.m2\repository\com\bc\ceres\ceres-launcher\0.11-SNAPSHOT\ceres-launcher-0.11-SNAPSHOT.jar;p:\.m2\repository\com\thoughtworks\xstream\xstream\1.3\xstream-1.3.jar;p:\.m2\repository\xpp3\xpp3_min\1.1.4c\xpp3_min-1.1.4c.jar;p:\.m2\repository\xpp3\xpp3\1.1.3.3\xpp3-1.1.3.3.jar;p:\.m2\repository\org\esa\beam\beam-core\4.8-SNAPSHOT\beam-core-4.8-SNAPSHOT.jar;p:\.m2\repository\com\bc\ceres\ceres-glayer\0.11-SNAPSHOT\ceres-glayer-0.11-SNAPSHOT.jar;p:\.m2\repository\com\bc\ceres\ceres-binding\0.11-SNAPSHOT\ceres-binding-0.11-SNAPSHOT.jar;p:\.m2\repository\javax\media\jai\jai-core\1.1.3\jai-core-1.1.3.jar;p:\.m2\repository\javax\media\jai\jai-codec\1.1.3\jai-codec-1.1.3.jar;p:\.m2\repository\javax\media\jai\mlibwrapper-jai\1.1.3\mlibwrapper-jai-1.1.3.jar;p:\.m2\repository\com\sun\media\clibwrapper-jiio\1.2-20090918\clibwrapper-jiio-1.2-20090918.jar;p:\.m2\repository\com\bc\ceres\ceres-jai\0.11-SNAPSHOT\ceres-jai-0.11-SNAPSHOT.jar;p:\.m2\repository\jdom\jdom\1.1\jdom-1.1.jar;p:\.m2\repository\rhino\js\1.7R1\js-1.7R1.jar;p:\.m2\repository\com\sun\media\jai-imageio\1.2-20090918\jai-imageio-1.2-20090918.jar;p:\.m2\repository\com\bc\bc-jnn\1.5\bc-jnn-1.5.jar;p:\.m2\repository\Jama\Jama\1.0.2\Jama-1.0.2.jar;p:\.m2\repository\org\geotools\gt-api\2.6.1\gt-api-2.6.1.jar;p:\.m2\repository\com\vividsolutions\jts\1.10\jts-1.10.jar;p:\.m2\repository\org\geotools\gt-referencing\2.6.1\gt-referencing-2.6.1.jar;p:\.m2\repository\java3d\vecmath\1.3.2\vecmath-1.3.2.jar;p:\.m2\repository\commons-pool\commons-pool\1.5.3\commons-pool-1.5.3.jar;p:\.m2\repository\org\geotools\gt-metadata\2.6.1\gt-metadata-2.6.1.jar;p:\.m2\repository\org\opengis\geoapi\2.3-M1\geoapi-2.3-M1.jar;p:\.m2\repository\net\java\dev\jsr-275\jsr-275\1.0-beta-2\jsr-275-1.0-beta-2.jar;p:\.m2\repository\org\opengis\geoapi-pending\2.3-M1\geoapi-pending-2.3-M1.jar;p:\.m2\repository\org\geotools\gt-main\2.6.1\gt-main-2.6.1.jar;p:\.m2\repository\commons-beanutils\commons-beanutils\1.7.0\commons-beanutils-1.7.0.jar;p:\.m2\repository\commons-logging\commons-logging\1.0.3\commons-logging-1.0.3.jar;p:\.m2\repository\org\geotools\gt-geotiff\2.6.1\gt-geotiff-2.6.1.jar;p:\.m2\repository\org\geotools\gt-coverage\2.6.1\gt-coverage-2.6.1.jar;p:\.m2\repository\it\geosolutions\imageio-ext\imageio-ext-tiff\1.0.5\imageio-ext-tiff-1.0.5.jar;p:\.m2\repository\it\geosolutions\imageio-ext\imageio-ext-utilities\1.0.5\imageio-ext-utilities-1.0.5.jar;p:\.m2\repository\javax\media\jai_core\1.1.3\jai_core-1.1.3.jar;p:\.m2\repository\javax\media\jai_codec\1.1.3\jai_codec-1.1.3.jar;p:\.m2\repository\javax\media\jai_imageio\1.1\jai_imageio-1.1.jar;p:\.m2\repository\org\geotools\gt-epsg-hsql\2.6.1\gt-epsg-hsql-2.6.1.jar;p:\.m2\repository\hsqldb\hsqldb\1.8.0.7\hsqldb-1.8.0.7.jar;p:\.m2\repository\org\esa\beam\beam-gpf\4.8-SNAPSHOT\beam-gpf-4.8-SNAPSHOT.jar;p:\.m2\repository\org\esa\beam\beam-ui\4.8-SNAPSHOT\beam-ui-4.8-SNAPSHOT.jar;p:\.m2\repository\com\bc\ceres\ceres-ui\0.11-SNAPSHOT\ceres-ui-0.11-SNAPSHOT.jar;p:\.m2\repository\javax\help\javahelp\2.0.02\javahelp-2.0.02.jar;p:\.m2\repository\com\jidesoft\jide-dock\2.7.7\jide-dock-2.7.7.jar;p:\.m2\repository\com\jidesoft\jide-action\2.7.7\jide-action-2.7.7.jar;p:\.m2\repository\com\jidesoft\jide-grids\2.7.7\jide-grids-2.7.7.jar;p:\.m2\repository\com\jidesoft\jide-components\2.7.7\jide-components-2.7.7.jar;p:\.m2\repository\com\jidesoft\jide-common\2.7.7\jide-common-2.7.7.jar;p:\.m2\repository\jfree\jfreechart\1.0.13\jfreechart-1.0.13.jar;p:\.m2\repository\jfree\jcommon\1.0.16\jcommon-1.0.16.jar;C:\Programme\Java\jdk1.6.0_18\jre\..\lib\tools.jar;p:\.m2\repository\org\esa\beam\beam-envisat-reader\1.3.101\beam-envisat-reader-1.3.101.jar;p:\.m2\repository\org\esa\beam\beam-spot-vgt-reader\1.0-SNAPSHOT\beam-spot-vgt-reader-1.0-SNAPSHOT.jar;p:\.m2\repository\ucar\netcdf\lib-netcdf\4.0\lib-netcdf-4.0.jar;p:\.m2\repository\ucar\netcdf\netcdf\4.0\netcdf-4.0.jar;p:\.m2\repository\org\slf4j\slf4j\slf4j-api\1.5.8\slf4j-api-1.5.8.jar;p:\.m2\repository\org\slf4j\slf4j\slf4j-jdk14\1.5.8\slf4j-jdk14-1.5.8.jar;p:\.m2\repository\org\esa\beam\beam-meris-brr\2.2-SNAPSHOT\beam-meris-brr-2.2-SNAPSHOT.jar;p:\.m2\repository\org\esa\beam\beam-meris-l2auxdata\1.1-SNAPSHOT\beam-meris-l2auxdata-1.1-SNAPSHOT.jar;p:\.m2\repository\org\esa\beam\synergy\beam-meris-aatsr-synergy-cloud-screening\1.1.1\beam-meris-aatsr-synergy-cloud-screening-1.1.1.jar;p:\.m2\repository\org\esa\beam\beam-visat\4.7.1\beam-visat-4.7.1.jar;p:\.m2\repository\org\esa\beam\beam-visat-rcp\4.7.1\beam-visat-rcp-4.7.1.jar;p:\.m2\repository\org\esa\beam\beam-processing\4.7.1\beam-processing-4.7.1.jar;p:\.m2\repository\org\geotools\gt-wms\2.6.1\gt-wms-2.6.1.jar;p:\.m2\repository\org\geotools\gt-xml\2.6.1\gt-xml-2.6.1.jar;p:\.m2\repository\org\geotools\gt-render\2.6.1\gt-render-2.6.1.jar;p:\.m2\repository\org\geotools\gt-cql\2.6.1\gt-cql-2.6.1.jar;p:\.m2\repository\commons-lang\commons-lang\2.3\commons-lang-2.3.jar;p:\.m2\repository\org\geotools\gt-shapefile\2.6.1\gt-shapefile-2.6.1.jar;p:\.m2\repository\org\esa\beam\beam-collocation\1.1\beam-collocation-1.1.jar;p:\.m2\repository\org\esa\beam\beam-meris-sdr\2.2-SNAPSHOT\beam-meris-sdr-2.2-SNAPSHOT.jar;p:\.m2\repository\ncsa\hdf\lib-hdf\2.3\lib-hdf-2.3.jar;p:\.m2\repository\ncsa\hdf\jhdf\2.3\jhdf-2.3.jar;p:\.m2\repository\ncsa\hdf\jhdf5\2.3\jhdf5-2.3.jar;p:\.m2\repository\org\esa\beam\synergy\beam-meris-aatsr-synergy-core\1.1.1\beam-meris-aatsr-synergy-core-1.1.1.jar;p:\.m2\repository\org\esa\beam\synergy\beam-meris-aatsr-synergy-preprocessing\1.1.1\beam-meris-aatsr-synergy-preprocessing-1.1.1.jar;p:\.m2\repository\org\esa\beam\synergy\beam-meris-aatsr-synergy-aerosol-retrieval\1.1.1\beam-meris-aatsr-synergy-aerosol-retrieval-1.1.1.jar;p:\.m2\repository\org\esa\beam\aatsr-recalibration\beam-aatsr-recalibration\1.1\beam-aatsr-recalibration-1.1.jar;"/>
    <property name="java.io.tmpdir" value="c:\TMP\"/>
    <property name="env.PROCESSOR_REVISION" value="0f0b"/>
    <property name="java.vendor.url.bug" value="http://java.sun.com/cgi-bin/bugreport.cgi"/>
    <property name="env.MAVEN_OPTS" value="-Xms256m -Xmx512m"/>
    <property name="env.SystemRoot" value="C:\WINDOWS"/>
    <property name="env.GMTROOT" value="C:\Programme\GMT"/>
    <property name="java.awt.graphicsenv" value="sun.awt.Win32GraphicsEnvironment"/>
    <property name="os.arch" value="x86"/>
    <property name="java.ext.dirs" value="C:\Programme\Java\jdk1.6.0_18\jre\lib\ext;C:\WINDOWS\Sun\Java\lib\ext"/>
    <property name="env.GMT_SHAREDIR" value="C:\Programme\GMT\share"/>
    <property name="user.dir" value="P:\JAVA\globalbedo1"/>
    <property name="line.separator" value="
"/>
    <property name="java.vm.name" value="Java HotSpot(TM) Client VM"/>
    <property name="env.CLASSWORLDS_JAR" value="&quot;c:\Programme\apache-maven-2.0.9\boot\classworlds-1.1.jar&quot;"/>
    <property name="env.PATHEXT" value=".COM;.EXE;.BAT;.CMD;.VBS;.VBE;.JS;.JSE;.WSF;.WSH;.PSC1"/>
    <property name="env.Path" value="c:\cygwin\bin;c:\cygwin\usr\local\bin;e:\doas\exe;e:\doas\bat;c:\Programme\ImageMagick\;C:\PROGRA~1\Borland\Delphi5\Projects\Bpl;C:\PROGRA~1\Borland\Delphi5\Bin;c:\programme\imagemagick;C:\WINDOWS\system32;C:\WINDOWS;C:\WINDOWS\System32\Wbem;C:\Programme\ThinkPad\ConnectUtilities;C:\Programme\Gemeinsame Dateien\Lenovo;C:\Programme\UltraEdit-32;c:\Programme\Ghost\gs\gs8.54\bin;C:\Programme\MATLAB\R2007b\bin;C:\Programme\MATLAB\R2007b\bin\win32;C:\Programme\MATLAB\R2007b\toolbox\mexnc\;C:\Programme\MATLAB\R2007b\toolbox\mexnc\win32\;C:\Programme\GMT\bin;C:\Programme\Haufe\iDesk\iDeskService\;C:\Programme\Microsoft Network Monitor 3\;c:\Programme\Java\jdk1.6.0_18\bin;c:\Programme\apache-maven-2.0.9\bin;C:\Programme\Support Tools\;C:\Programme\beam\bin;C:\Programme\Samsung\Samsung PC Studio 3\;C:\WINDOWS\system32\WindowsPowerShell\v1.0;C:\Programme\QuickTime\QTSystem\;C:\Programme\Intel\DMIX;C:\Programme\Intel\WiFi\bin\;C:\Programme\pstoedit;C:\Programme\MiKTeX2p7\miktex\bin;c:\Programme\Java\jhdf\bin"/>
    <property name="basedir" value="P:\JAVA\globalbedo1"/>
    <property name="env.ERROR_CODE" value="0"/>
    <property name="env.M2" value="c:\Programme\apache-maven-2.0.9\bin"/>
    <property name="env.USERNAME" value="akheckel"/>
    <property name="env.SystemDrive" value="C:"/>
    <property name="file.encoding" value="Cp1252"/>
    <property name="netbeans.execution" value="true"/>
    <property name="env.USERDOMAIN" value="DOAS"/>
    <property name="env.JMFHOME" value="C:\PROGRA~1\JAVA\JMF21~1.1E"/>
    <property name="java.specification.version" value="1.6"/>
    <property name="env.SonicCentral" value="C:\Programme\Gemeinsame Dateien\Sonic Shared\Sonic Central\"/>
    <property name="env.PROCESSOR_LEVEL" value="6"/>
  </properties>
  <testcase time="0" classname="org.esa.beam.globalbedo.sdr.operators.MultiTileOperatorTest" name="testMultiTileOperator"/>
</testsuite>